2025-01-10 12:42:29,627 - INFO - [97mНачинаем анализ...[0m
2025-01-10 12:42:29,628 - INFO - [97mНачинаем чтение чек-листа из Excel[0m
2025-01-10 12:42:29,968 - INFO - [97mУспешно обработано 0 ожидаемых событий[0m
2025-01-10 12:42:29,968 - INFO - [97mНачинаем чтение лог-файла[0m
2025-01-10 12:42:29,972 - INFO - [97mУспешно прочитано 0 фактических событий[0m
2025-01-10 12:42:42,734 - INFO - [97mНачинаем анализ...[0m
2025-01-10 12:42:42,734 - INFO - [97mНачинаем чтение чек-листа из Excel[0m
2025-01-10 12:42:43,083 - INFO - [97mУспешно обработано 0 ожидаемых событий[0m
2025-01-10 12:42:43,083 - INFO - [97mНачинаем чтение лог-файла[0m
2025-01-10 12:42:43,086 - INFO - [97mУспешно прочитано 0 фактических событий[0m
2025-01-10 12:56:14,167 - INFO - [97mНачинаем анализ...[0m
2025-01-10 12:56:14,168 - INFO - [97mНачинаем чтение чек-листа из Excel[0m
2025-01-10 12:56:14,510 - INFO - [97mУспешно обработано 0 ожидаемых событий[0m
2025-01-10 12:56:14,510 - INFO - [97mНачинаем чтение лог-файла[0m
2025-01-10 12:56:14,513 - INFO - [97mУспешно прочитано 0 фактических событий[0m
2025-01-11 14:14:33,392 - INFO - [97mНачинаем анализ...[0m
2025-01-11 14:14:33,394 - INFO - [97mНачинаем чтение чек-листа из Excel[0m
2025-01-11 14:14:33,728 - INFO - [97mУспешно обработано 0 ожидаемых событий[0m
2025-01-11 14:14:33,729 - INFO - [97mНачинаем чтение лог-файла[0m
2025-01-11 14:28:48,430 - INFO - [97mНачинаем анализ...[0m
2025-01-11 14:28:48,431 - INFO - [97mНачинаем чтение чек-листа из Excel[0m
2025-01-11 14:28:48,780 - INFO - [97mУспешно обработано 0 ожидаемых событий[0m
2025-01-11 14:28:48,780 - INFO - [97mНачинаем чтение лог-файла[0m
2025-01-11 14:28:55,685 - INFO - [97mНачинаем анализ...[0m
2025-01-11 14:28:55,685 - INFO - [97mНачинаем чтение чек-листа из Excel[0m
2025-01-11 14:28:56,030 - INFO - [97mУспешно обработано 0 ожидаемых событий[0m
2025-01-11 14:28:56,031 - INFO - [97mНачинаем чтение лог-файла[0m
2025-01-11 14:28:56,033 - INFO - [97mУспешно прочитано 0 фактических событий[0m
2025-01-11 14:36:20,772 - INFO - [97mНачинаем анализ...[0m
2025-01-11 14:36:20,772 - INFO - [97mНачинаем чтение чек-листа из Excel[0m
2025-01-11 14:36:21,121 - INFO - [97mУспешно обработано 0 ожидаемых событий[0m
2025-01-11 14:36:21,121 - INFO - [97mНачинаем чтение лог-файла[0m
2025-01-11 14:36:21,123 - INFO - [97mУспешно прочитано 0 фактических событий[0m
2025-01-11 14:37:14,011 - INFO - [97mНачинаем анализ...[0m
2025-01-11 14:37:14,011 - INFO - [97mНачинаем чтение чек-листа из Excel[0m
2025-01-11 14:37:14,364 - INFO - [97mУспешно обработано 0 ожидаемых событий[0m
2025-01-11 14:37:14,364 - INFO - [97mНачинаем чтение лог-файла[0m
2025-01-11 14:37:14,367 - INFO - [97mУспешно прочитано 0 фактических событий[0m
2025-01-11 14:39:59,887 - INFO - [97mНачинаем анализ...[0m
2025-01-11 14:39:59,888 - INFO - [97mНачинаем чтение чек-листа из Excel[0m
2025-01-11 14:40:00,241 - INFO - [97mУспешно обработано 0 ожидаемых событий[0m
2025-01-11 14:40:00,241 - INFO - [97mНачинаем чтение лог-файла[0m
2025-01-11 14:40:00,244 - INFO - [97mУспешно прочитано 0 фактических событий[0m
